<?xml version="1.0" encoding="UTF-8"?>
<testng-results skipped="0" failed="0" total="1" passed="1">
  <reporter-output>
  </reporter-output>
  <suite name="mySuite" duration-ms="3808" started-at="2022-03-09T17:52:24Z" finished-at="2022-03-09T17:52:28Z">
    <groups>
    </groups>
    <test name="Tests" duration-ms="3808" started-at="2022-03-09T17:52:24Z" finished-at="2022-03-09T17:52:28Z">
      <class name="ii.service.ga.HealthCheckRunner">
        <test-method status="PASS" signature="getResponseBody()[pri:0, instance:ii.service.ga.HealthCheckRunner@50cbc42f]" name="getResponseBody" duration-ms="3770" started-at="2022-03-09T18:52:24Z" finished-at="2022-03-09T18:52:28Z">
          <reporter-output>
          </reporter-output>
        </test-method> <!-- getResponseBody -->
      </class> <!-- ii.service.ga.HealthCheckRunner -->
    </test> <!-- Tests -->
  </suite> <!-- mySuite -->
</testng-results>
